<?xml version="1.0" encoding="UTF-8"?>
<!-- Generated by org.testng.reporters.JUnitXMLReporter -->
<testsuite hostname="SYS250-PC" name="Test" tests="2" failures="0" timestamp="10 Mar 2020 07:52:30 GMT" time="398.638" errors="0">
  <testcase name="CMS_E2MTest_disclaimer_TC014" time="130.889" classname="Com.E2M.CMS_Event2MobileTest.E2E_AboutEvent"/>
  <testcase name="CMS_E2MTest_Theme_Splash_Background_Banner_1TC014" time="202.221" classname="Com.E2M.CMS_Event2MobileTest.AppBranding"/>
</testsuite> <!-- Test -->
