<?xml version="1.0" encoding="UTF-8"?>
<!-- Generated by org.testng.reporters.JUnitXMLReporter -->
<testsuite hostname="SYS250-PC" name="Test" tests="2" failures="2" timestamp="13 Mar 2020 07:58:39 GMT" time="54.399" errors="0">
  <testcase name="CMS_E2MTest_disclaimer_TC014" time="1.807" classname="Com.E2M.CMS_Event2MobileTest.E2E_AboutEvent">
    <failure type="java.lang.AssertionError" message="expected [true] but found [false]">
      <![CDATA[java.lang.AssertionError: expected [true] but found [false]
	at Com.E2M.ObjectRepository.Venuepage.ClickParticularEvent(Venuepage.java:173)
	at Com.E2M.CMS_Event2MobileTest.E2E_AboutEvent.CMS_E2MTest_disclaimer_TC014(E2E_AboutEvent.java:24)
... Removed 30 stack frames]]>
    </failure>
  </testcase> <!-- CMS_E2MTest_disclaimer_TC014 -->
  <testcase name="CMS_E2MTest_Theme_Splash_Background_Banner_1TC014" time="1.184" classname="Com.E2M.CMS_Event2MobileTest.AppBranding">
    <failure type="java.lang.AssertionError" message="expected [true] but found [false]">
      <![CDATA[java.lang.AssertionError: expected [true] but found [false]
	at Com.E2M.ObjectRepository.Venuepage.ClickParticularEvent(Venuepage.java:173)
	at Com.E2M.CMS_Event2MobileTest.AppBranding.CMS_E2MTest_Theme_Splash_Background_Banner_1TC014(AppBranding.java:18)
... Removed 30 stack frames]]>
    </failure>
  </testcase> <!-- CMS_E2MTest_Theme_Splash_Background_Banner_1TC014 -->
</testsuite> <!-- Test -->
