<?xml version="1.0" encoding="UTF-8"?>
<testng-results skipped="0" failed="0" total="1" passed="1">
  <reporter-output>
  </reporter-output>
  <suite name="Default suite" duration-ms="24189" started-at="2020-02-07T11:18:32Z" finished-at="2020-02-07T11:18:56Z">
    <groups>
    </groups>
    <test name="Default test" duration-ms="24189" started-at="2020-02-07T11:18:32Z" finished-at="2020-02-07T11:18:56Z">
      <class name="Com.E2M.CMS_Event2MobileTest.Findjavascripterror">
        <test-method status="PASS" signature="setup()[pri:0, instance:Com.E2M.CMS_Event2MobileTest.Findjavascripterror@239963d8]" name="setup" is-config="true" duration-ms="3931" started-at="2020-02-07T16:48:32Z" finished-at="2020-02-07T16:48:36Z">
          <reporter-output>
          </reporter-output>
        </test-method> <!-- setup -->
        <test-method status="PASS" signature="testmethod()[pri:0, instance:Com.E2M.CMS_Event2MobileTest.Findjavascripterror@239963d8]" name="testmethod" duration-ms="20240" started-at="2020-02-07T16:48:36Z" finished-at="2020-02-07T16:48:56Z">
          <reporter-output>
          </reporter-output>
        </test-method> <!-- testmethod -->
        <test-method status="PASS" signature="teardown()[pri:0, instance:Com.E2M.CMS_Event2MobileTest.Findjavascripterror@239963d8]" name="teardown" is-config="true" duration-ms="0" started-at="2020-02-07T16:48:56Z" finished-at="2020-02-07T16:48:56Z">
          <reporter-output>
          </reporter-output>
        </test-method> <!-- teardown -->
      </class> <!-- Com.E2M.CMS_Event2MobileTest.Findjavascripterror -->
    </test> <!-- Default test -->
  </suite> <!-- Default suite -->
</testng-results>
