<?xml version="1.0" encoding="UTF-8"?>
<!-- Generated by org.testng.reporters.JUnitReportReporter -->
<testsuite hostname="SYS250-PC" name="Com.E2M.CMS_Event2MobileTest.Varify_FormFillUpPage_FormatTest" tests="1" failures="0" timestamp="31 Dec 2019 10:37:39 GMT" time="36.642" errors="0">
  <testcase name="CMS_E2MTest_VerifyFilledFormFormat_TC08" time="36.642" classname="Com.E2M.CMS_Event2MobileTest.Varify_FormFillUpPage_FormatTest"/>
</testsuite> <!-- Com.E2M.CMS_Event2MobileTest.Varify_FormFillUpPage_FormatTest -->
